21/03/2018 3:58:52 WindowsFormsApp1.exe 4744   [INFO]: Form1 initialized.
21/03/2018 3:59:08 WindowsFormsApp1.exe 4744   [WARN]: User pepe not logged.
21/03/2018 3:59:17 WindowsFormsApp1.exe 4744   [WARN]: User pepe not logged.
21/03/2018 3:59:37 WindowsFormsApp1.exe 4744   [WARN]: User pepe not logged.
21/03/2018 3:59:43 WindowsFormsApp1.exe 4744   [WARN]: User pepe not logged.
21/03/2018 4:00:33 WindowsFormsApp1.exe 4744   [INFO]: Form3 initialized.
21/03/2018 4:00:34 WindowsFormsApp1.exe 4744   [INFO]: User pepe logged.
21/03/2018 4:01:25 WindowsFormsApp1.exe 4744   [INFO]: Go to For.
21/03/2018 6:30:33 WindowsFormsApp1.exe 1660   [INFO]: Form1 initialized.
21/03/2018 6:30:48 WindowsFormsApp1.exe 1660   [INFO]: Form3 initialized.
21/03/2018 6:30:48 WindowsFormsApp1.exe 1660   [INFO]: User user logged.
21/03/2018 6:30:54 WindowsFormsApp1.exe 1660   [INFO]: Go to Form4.
21/03/2018 7:27:33 WindowsFormsApp1.exe 5396   [INFO]: Form1 initialized.
21/03/2018 7:27:48 WindowsFormsApp1.exe 5396   [INFO]: Form3 initialized.
21/03/2018 7:27:48 WindowsFormsApp1.exe 5396   [INFO]: User user logged.
21/03/2018 7:28:07 WindowsFormsApp1.exe 5396   [INFO]: Form4 initialized.
21/03/2018 7:28:09 WindowsFormsApp1.exe 5396   [INFO]: Go to Form4.
21/03/2018 7:28:14 WindowsFormsApp1.exe 5396   [DEBG]: Field label1: .
21/03/2018 7:28:14 WindowsFormsApp1.exe 5396   [ERRO]: Field label2: invalid.
21/03/2018 7:28:14 WindowsFormsApp1.exe 5396   [ERRO]: Field label3: invalid.
21/03/2018 7:28:14 WindowsFormsApp1.exe 5396   [ERRO]: Field label5: invalid   -   -.
21/03/2018 7:28:14 WindowsFormsApp1.exe 5396   [DEBG]: Field label4: 0.
21/03/2018 7:28:14 WindowsFormsApp1.exe 5396   [DEBG]: Field monthCalendar1: 21/03/2018 0:00:00.
21/03/2018 7:29:27 WindowsFormsApp1.exe 5396   [DEBG]: Field label1: .
21/03/2018 7:29:27 WindowsFormsApp1.exe 5396   [ERRO]: Field label2: invalid.
21/03/2018 7:29:27 WindowsFormsApp1.exe 5396   [ERRO]: Field label3: invalid.
21/03/2018 7:29:27 WindowsFormsApp1.exe 5396   [ERRO]: Field label5: invalid   -   -.
21/03/2018 7:29:27 WindowsFormsApp1.exe 5396   [DEBG]: Field label4: 0.
21/03/2018 7:29:27 WindowsFormsApp1.exe 5396   [DEBG]: Field monthCalendar1: 21/03/2018 7:28:07.
21/03/2018 7:30:41 WindowsFormsApp1.exe 5396   [DEBG]: Field label1: 1234567.
21/03/2018 7:30:41 WindowsFormsApp1.exe 5396   [DEBG]: Field label2: Pepe.
21/03/2018 7:30:41 WindowsFormsApp1.exe 5396   [DEBG]: Field label3: Perez.
21/03/2018 7:30:41 WindowsFormsApp1.exe 5396   [ERRO]: Field label5: invalid300-768-943.
21/03/2018 7:30:41 WindowsFormsApp1.exe 5396   [DEBG]: Field label4: 0.
21/03/2018 7:30:41 WindowsFormsApp1.exe 5396   [DEBG]: Field monthCalendar1: 21/03/2018 7:28:07.
21/03/2018 7:31:14 WindowsFormsApp1.exe 5396   [DEBG]: Field label1: 1234567.
21/03/2018 7:31:14 WindowsFormsApp1.exe 5396   [DEBG]: Field label2: Pepe.
21/03/2018 7:31:14 WindowsFormsApp1.exe 5396   [DEBG]: Field label3: Perez.
21/03/2018 7:31:14 WindowsFormsApp1.exe 5396   [DEBG]: Field label5: 300-768-9430.
21/03/2018 7:31:14 WindowsFormsApp1.exe 5396   [DEBG]: Field label4: 0.
21/03/2018 7:31:14 WindowsFormsApp1.exe 5396   [DEBG]: Field monthCalendar1: 21/03/2018 7:28:07.
21/03/2018 7:31:14 WindowsFormsApp1.exe 5396   [DEBG]: All fields checked, ok.
21/03/2018 16:12:44 WindowsFormsApp1.exe 2880   [INFO]: Form1 initialized.
21/03/2018 16:13:09 WindowsFormsApp1.exe 2880   [INFO]: Form3 initialized.
21/03/2018 16:13:09 WindowsFormsApp1.exe 2880   [INFO]: User user logged.
21/03/2018 16:13:32 WindowsFormsApp1.exe 2880   [INFO]: Form4 initialized.
21/03/2018 16:13:33 WindowsFormsApp1.exe 2880   [INFO]: Go to Form4.
21/03/2018 16:25:41 WindowsFormsApp1.exe 2880   [DEBG]: Field label1: "1234567".
21/03/2018 16:25:41 WindowsFormsApp1.exe 2880   [DEBG]: Field label2: "Pepe".
21/03/2018 16:25:41 WindowsFormsApp1.exe 2880   [ERRO]: Field label3: invalid "".
21/03/2018 16:25:41 WindowsFormsApp1.exe 2880   [ERRO]: Field label5: invalid "300-123-456".
21/03/2018 16:25:41 WindowsFormsApp1.exe 2880   [DEBG]: Field label4: 0".
21/03/2018 16:25:41 WindowsFormsApp1.exe 2880   [DEBG]: Field monthCalendar1: "21/03/2018 0:00:00".
21/03/2018 16:25:54 WindowsFormsApp1.exe 2880   [DEBG]: Field label1: "1234567".
21/03/2018 16:25:54 WindowsFormsApp1.exe 2880   [ERRO]: Field label2: invalid "".
21/03/2018 16:25:54 WindowsFormsApp1.exe 2880   [ERRO]: Field label3: invalid "".
21/03/2018 16:25:54 WindowsFormsApp1.exe 2880   [ERRO]: Field label5: invalid "300-123-456".
21/03/2018 16:25:54 WindowsFormsApp1.exe 2880   [DEBG]: Field label4: 0".
21/03/2018 16:25:54 WindowsFormsApp1.exe 2880   [DEBG]: Field monthCalendar1: "21/03/2018 0:00:00".
21/03/2018 16:26:47 WindowsFormsApp1.exe 2880   [DEBG]: Field label1: "1234567".
21/03/2018 16:26:47 WindowsFormsApp1.exe 2880   [ERRO]: Field label2: invalid "".
21/03/2018 16:26:47 WindowsFormsApp1.exe 2880   [ERRO]: Field label3: invalid "".
21/03/2018 16:26:47 WindowsFormsApp1.exe 2880   [ERRO]: Field label5: invalid "300-123-456".
21/03/2018 16:26:47 WindowsFormsApp1.exe 2880   [DEBG]: Field label4: 0".
21/03/2018 16:26:47 WindowsFormsApp1.exe 2880   [DEBG]: Field monthCalendar1: "21/03/2018 0:00:00".
21/03/2018 16:28:05 WindowsFormsApp1.exe 2880   [DEBG]: Field label1: "1234567".
21/03/2018 16:28:05 WindowsFormsApp1.exe 2880   [DEBG]: Field label2: "Pepe".
21/03/2018 16:28:05 WindowsFormsApp1.exe 2880   [DEBG]: Field label3: Perez".
21/03/2018 16:28:05 WindowsFormsApp1.exe 2880   [ERRO]: Field label5: invalid "300-123-456".
21/03/2018 16:28:05 WindowsFormsApp1.exe 2880   [DEBG]: Field label4: 0".
21/03/2018 16:28:05 WindowsFormsApp1.exe 2880   [DEBG]: Field monthCalendar1: "21/03/2018 0:00:00".
21/03/2018 16:32:11 WindowsFormsApp1.exe 2880   [DEBG]: Field label1: "1234567".
21/03/2018 16:32:11 WindowsFormsApp1.exe 2880   [DEBG]: Field label2: "Pepe".
21/03/2018 16:32:11 WindowsFormsApp1.exe 2880   [DEBG]: Field label3: Perez".
21/03/2018 16:32:11 WindowsFormsApp1.exe 2880   [DEBG]: Field label5: 300-123-4567".
21/03/2018 16:32:11 WindowsFormsApp1.exe 2880   [DEBG]: Field label4: 0".
21/03/2018 16:32:11 WindowsFormsApp1.exe 2880   [DEBG]: Field monthCalendar1: "21/03/2018 0:00:00".
21/03/2018 16:32:11 WindowsFormsApp1.exe 2880   [DEBG]: All fields checked, ok.
21/03/2018 17:17:34 WindowsFormsApp1.exe 3808   [INFO]: Form1 initialized.
21/03/2018 17:17:42 WindowsFormsApp1.exe 3808   [INFO]: Form3 initialized.
21/03/2018 17:17:42 WindowsFormsApp1.exe 3808   [INFO]: User user logged.
21/03/2018 17:18:04 WindowsFormsApp1.exe 3808   [INFO]: Form4 initialized.
21/03/2018 17:18:05 WindowsFormsApp1.exe 3808   [INFO]: Go to Form4.
21/03/2018 17:18:35 WindowsFormsApp1.exe 3808   [DEBG]: Field label1: "12345678".
21/03/2018 17:18:35 WindowsFormsApp1.exe 3808   [DEBG]: Field label2: "Pepe".
21/03/2018 17:18:35 WindowsFormsApp1.exe 3808   [DEBG]: Field label3: Perez".
21/03/2018 17:18:35 WindowsFormsApp1.exe 3808   [DEBG]: Field label5: 300-123-4567".
21/03/2018 17:18:35 WindowsFormsApp1.exe 3808   [DEBG]: Field label4: 3".
21/03/2018 17:18:35 WindowsFormsApp1.exe 3808   [DEBG]: Field monthCalendar1: "21/03/2018 17:18:04".
21/03/2018 17:18:35 WindowsFormsApp1.exe 3808   [DEBG]: All fields checked, ok.
21/03/2018 17:18:35 WindowsFormsApp1.exe 3808   [DEBG]: Execution transfer to timer1.
21/03/2018 17:18:40 WindowsFormsApp1.exe 3808   [DEBG]: Field label1: "12345678".
21/03/2018 17:18:40 WindowsFormsApp1.exe 3808   [DEBG]: Field label2: "Pepe".
21/03/2018 17:18:40 WindowsFormsApp1.exe 3808   [DEBG]: Field label3: Perez".
21/03/2018 17:18:40 WindowsFormsApp1.exe 3808   [DEBG]: Field label5: 300-123-4567".
21/03/2018 17:18:40 WindowsFormsApp1.exe 3808   [DEBG]: Field label4: 3".
21/03/2018 17:18:40 WindowsFormsApp1.exe 3808   [DEBG]: Field monthCalendar1: "21/03/2018 17:18:04".
21/03/2018 17:18:40 WindowsFormsApp1.exe 3808   [DEBG]: All fields checked, ok.
21/03/2018 17:18:40 WindowsFormsApp1.exe 3808   [DEBG]: Execution transfer to timer1.
21/03/2018 17:20:27 WindowsFormsApp1.exe 5256   [INFO]: Form1 initialized.
21/03/2018 17:20:39 WindowsFormsApp1.exe 5256   [INFO]: Form3 initialized.
21/03/2018 17:20:39 WindowsFormsApp1.exe 5256   [INFO]: User user logged.
21/03/2018 17:20:44 WindowsFormsApp1.exe 5256   [INFO]: Form4 initialized.
21/03/2018 17:20:44 WindowsFormsApp1.exe 5256   [INFO]: Go to Form4.
21/03/2018 17:21:07 WindowsFormsApp1.exe 5256   [DEBG]: Field label1: "1234567".
21/03/2018 17:21:07 WindowsFormsApp1.exe 5256   [DEBG]: Field label2: "Pepe".
21/03/2018 17:21:07 WindowsFormsApp1.exe 5256   [DEBG]: Field label3: Perez".
21/03/2018 17:21:07 WindowsFormsApp1.exe 5256   [DEBG]: Field label5: 123-456-7890".
21/03/2018 17:21:07 WindowsFormsApp1.exe 5256   [DEBG]: Field label4: 5".
21/03/2018 17:21:07 WindowsFormsApp1.exe 5256   [DEBG]: Field monthCalendar1: "22/03/2018 0:00:00".
21/03/2018 17:21:07 WindowsFormsApp1.exe 5256   [DEBG]: All fields checked, ok.
21/03/2018 17:21:07 WindowsFormsApp1.exe 5256   [DEBG]: Execution transfer to timer1.
21/03/2018 17:21:19 WindowsFormsApp1.exe 5256   [DEBG]: ProgressBar full: "100/100".
21/03/2018 17:22:17 WindowsFormsApp1.exe 5568   [INFO]: Form1 initialized.
21/03/2018 17:22:44 WindowsFormsApp1.exe 5568   [INFO]: Form3 initialized.
21/03/2018 17:22:44 WindowsFormsApp1.exe 5568   [INFO]: User user logged.
21/03/2018 17:22:49 WindowsFormsApp1.exe 5568   [INFO]: Form4 initialized.
21/03/2018 17:22:50 WindowsFormsApp1.exe 5568   [INFO]: Go to Form4.
21/03/2018 17:23:23 WindowsFormsApp1.exe 5568   [DEBG]: Field label1: "123456".
21/03/2018 17:23:23 WindowsFormsApp1.exe 5568   [DEBG]: Field label2: "pepe".
21/03/2018 17:23:23 WindowsFormsApp1.exe 5568   [DEBG]: Field label3: perez".
21/03/2018 17:23:23 WindowsFormsApp1.exe 5568   [DEBG]: Field label5: 123-456-7890".
21/03/2018 17:23:23 WindowsFormsApp1.exe 5568   [DEBG]: Field label4: 4".
21/03/2018 17:23:23 WindowsFormsApp1.exe 5568   [DEBG]: Field monthCalendar1: "06/03/2018 0:00:00".
21/03/2018 17:23:23 WindowsFormsApp1.exe 5568   [DEBG]: All fields checked, ok.
21/03/2018 17:23:23 WindowsFormsApp1.exe 5568   [DEBG]: Execution transfer to timer1.
21/03/2018 17:23:29 WindowsFormsApp1.exe 5568   [DEBG]: ProgressBar full: "100/100".
21/03/2018 19:34:46 WindowsFormsApp1.exe 4420   [INFO]: Form1 initialized.
21/03/2018 19:35:42 WindowsFormsApp1.exe 4420   [INFO]: Form3 initialized.
21/03/2018 19:35:42 WindowsFormsApp1.exe 4420   [INFO]: User user logged.
21/03/2018 19:35:48 WindowsFormsApp1.exe 4420   [INFO]: Form4 initialized.
21/03/2018 19:35:48 WindowsFormsApp1.exe 4420   [INFO]: Go to Form4.
21/03/2018 19:36:10 WindowsFormsApp1.exe 4420   [DEBG]: Field Cedula: "123456789".
21/03/2018 19:36:10 WindowsFormsApp1.exe 4420   [DEBG]: Field Nombre: "pepe".
21/03/2018 19:36:10 WindowsFormsApp1.exe 4420   [DEBG]: Field Apellido: perez".
21/03/2018 19:36:10 WindowsFormsApp1.exe 4420   [DEBG]: Field Celular: 123-456-7890".
21/03/2018 19:36:10 WindowsFormsApp1.exe 4420   [DEBG]: Field Edad: 0".
21/03/2018 19:36:10 WindowsFormsApp1.exe 4420   [DEBG]: Field monthCalendar1: "18/03/2018 0:00:00".
21/03/2018 19:36:10 WindowsFormsApp1.exe 4420   [DEBG]: All fields checked, ok.
21/03/2018 19:36:10 WindowsFormsApp1.exe 4420   [DEBG]: Execution transfer to timer1.
21/03/2018 19:36:12 WindowsFormsApp1.exe 4420   [DEBG]: ProgressBar full: "100/100".
21/03/2018 19:37:35 WindowsFormsApp1.exe 3120   [INFO]: Form1 initialized.
21/03/2018 19:38:04 WindowsFormsApp1.exe 3120   [INFO]: Form3 initialized.
21/03/2018 19:38:04 WindowsFormsApp1.exe 3120   [INFO]: User user logged.
21/03/2018 19:38:10 WindowsFormsApp1.exe 3120   [INFO]: Form4 initialized.
21/03/2018 19:38:10 WindowsFormsApp1.exe 3120   [INFO]: Go to Form4.
21/03/2018 19:38:32 WindowsFormsApp1.exe 3120   [DEBG]: Field Cedula: "123456".
21/03/2018 19:38:32 WindowsFormsApp1.exe 3120   [DEBG]: Field Nombre: "pepe".
21/03/2018 19:38:32 WindowsFormsApp1.exe 3120   [DEBG]: Field Apellido: peres".
21/03/2018 19:38:32 WindowsFormsApp1.exe 3120   [DEBG]: Field Celular: 123-456-7890".
21/03/2018 19:38:32 WindowsFormsApp1.exe 3120   [DEBG]: Field Edad: 0".
21/03/2018 19:38:32 WindowsFormsApp1.exe 3120   [DEBG]: Field monthCalendar1: "07/03/2018 0:00:00".
21/03/2018 19:38:32 WindowsFormsApp1.exe 3120   [DEBG]: All fields checked, ok.
21/03/2018 19:38:32 WindowsFormsApp1.exe 3120   [DEBG]: Execution transfer to timer1.
21/03/2018 19:38:34 WindowsFormsApp1.exe 3120   [DEBG]: ProgressBar full: "100/100".
21/03/2018 19:38:34 WindowsFormsApp1.exe 3120   [DEBG]: Wew Row: "System.String[]".
21/03/2018 19:41:42 WindowsFormsApp1.exe 4736   [INFO]: Form1 initialized.
21/03/2018 19:42:00 WindowsFormsApp1.exe 4736   [INFO]: Form3 initialized.
21/03/2018 19:42:00 WindowsFormsApp1.exe 4736   [INFO]: User user logged.
21/03/2018 19:42:05 WindowsFormsApp1.exe 4736   [INFO]: Form4 initialized.
21/03/2018 19:42:05 WindowsFormsApp1.exe 4736   [INFO]: Go to Form4.
21/03/2018 19:42:46 WindowsFormsApp1.exe 4736   [DEBG]: Field Cedula: "1234567".
21/03/2018 19:42:47 WindowsFormsApp1.exe 4736   [DEBG]: Field Nombre: "pepe".
21/03/2018 19:42:47 WindowsFormsApp1.exe 4736   [DEBG]: Field Apellido: opkfposdkf".
21/03/2018 19:42:47 WindowsFormsApp1.exe 4736   [DEBG]: Field Celular: 123-456-7890".
21/03/2018 19:42:47 WindowsFormsApp1.exe 4736   [DEBG]: Field Edad: 0".
21/03/2018 19:42:47 WindowsFormsApp1.exe 4736   [DEBG]: Field monthCalendar1: "21/03/2018 0:00:00".
21/03/2018 19:42:47 WindowsFormsApp1.exe 4736   [DEBG]: All fields checked, ok.
21/03/2018 19:42:47 WindowsFormsApp1.exe 4736   [DEBG]: Execution transfer to timer1.
21/03/2018 19:42:49 WindowsFormsApp1.exe 4736   [DEBG]: ProgressBar full: "100/100".
21/03/2018 19:42:49 WindowsFormsApp1.exe 4736   [DEBG]: Wew Row: "System.String[]".
